<?xml version="1.0" encoding="UTF-8"?>
<!-- Generated by org.testng.reporters.JUnitXMLReporter -->
<testsuite ignored="0" hostname="LAPTOP-M81C40N3" failures="0" tests="4" name="chromeTest" time="13.186" errors="0" timestamp="2022-10-11T16:16:30 IST">
  <testcase classname="com.saucedemo.testclass.TC01_verifyloinfunctionality" name="verifyloginfunctionality" time="0.197"/>
  <testcase classname="com.saucedemo.testclass.TC02_verifylogoutfunctionality" name="verifylogoutfunctionality" time="0.477"/>
  <testcase classname="com.saucedemo.testclass.TC03_verifybagproductaddfuctionality" name="verifybagproductaddfuctionality" time="0.459"/>
  <testcase classname="com.saucedemo.testclass.TC04_verifymultipleelement" name="verifymultipleelement" time="0.652"/>
</testsuite> <!-- chromeTest -->
